c:\users\明友\desktop\新建mfc\mysystem\mysystem\x64\release\mysystem.pch
c:\users\明友\desktop\新建mfc\mysystem\mysystem\x64\release\vc141.pdb
c:\users\明友\desktop\新建mfc\mysystem\mysystem\x64\release\stdafx.obj
c:\users\明友\desktop\新建mfc\mysystem\mysystem\x64\release\mysystemdlg.obj
c:\users\明友\desktop\新建mfc\mysystem\mysystem\x64\release\mysystem.obj
c:\users\明友\desktop\新建mfc\mysystem\mysystem\x64\release\dlg3.obj
c:\users\明友\desktop\新建mfc\mysystem\mysystem\x64\release\dlg2.obj
c:\users\明友\desktop\新建mfc\mysystem\mysystem\x64\release\dlg1.obj
c:\users\明友\desktop\新建mfc\mysystem\mysystem\x64\release\cvvimage.obj
c:\users\明友\desktop\新建mfc\mysystem\x64\release\mysystem.exe
c:\users\明友\desktop\新建mfc\mysystem\x64\release\mysystem.pdb
c:\users\明友\desktop\新建mfc\mysystem\x64\release\mysystem.ipdb
c:\users\明友\desktop\新建mfc\mysystem\x64\release\mysystem.iobj
c:\users\明友\desktop\新建mfc\mysystem\mysystem\x64\release\mysystem.res
c:\users\明友\desktop\新建mfc\mysystem\mysystem\x64\release\mysystem.tlog\cl.command.1.tlog
c:\users\明友\desktop\新建mfc\mysystem\mysystem\x64\release\mysystem.tlog\cl.read.1.tlog
c:\users\明友\desktop\新建mfc\mysystem\mysystem\x64\release\mysystem.tlog\cl.write.1.tlog
c:\users\明友\desktop\新建mfc\mysystem\mysystem\x64\release\mysystem.tlog\link.command.1.tlog
c:\users\明友\desktop\新建mfc\mysystem\mysystem\x64\release\mysystem.tlog\link.read.1.tlog
c:\users\明友\desktop\新建mfc\mysystem\mysystem\x64\release\mysystem.tlog\link.write.1.tlog
c:\users\明友\desktop\新建mfc\mysystem\mysystem\x64\release\mysystem.tlog\mysystem.write.1u.tlog
c:\users\明友\desktop\新建mfc\mysystem\mysystem\x64\release\mysystem.tlog\rc.command.1.tlog
c:\users\明友\desktop\新建mfc\mysystem\mysystem\x64\release\mysystem.tlog\rc.read.1.tlog
c:\users\明友\desktop\新建mfc\mysystem\mysystem\x64\release\mysystem.tlog\rc.write.1.tlog
